0 info it worked if it ends with ok
1 verbose cli [ 'C:\\Program Files\\nodejs\\node.exe',
1 verbose cli   'C:\\Program Files\\nodejs\\node_modules\\npm\\bin\\npm-cli.js',
1 verbose cli   'run',
1 verbose cli   'lint' ]
2 info using npm@3.10.10
3 info using node@v6.10.3
4 verbose run-script [ 'prelint', 'lint', 'postlint' ]
5 info lifecycle parallel-lms@~prelint: parallel-lms@
6 silly lifecycle parallel-lms@~prelint: no script for prelint, continuing
7 info lifecycle parallel-lms@~lint: parallel-lms@
8 verbose lifecycle parallel-lms@~lint: unsafe-perm in lifecycle true
9 verbose lifecycle parallel-lms@~lint: PATH: C:\Program Files\nodejs\node_modules\npm\bin\node-gyp-bin;c:\git\inspiration-parallelms-ui\node_modules\.bin;C:\Users\tjones\Downloads\cmder\bin;C:\Users\tjones\Downloads\cmder\vendor\conemu-maximus5\ConEmu\Scripts;C:\Users\tjones\Downloads\cmder\vendor\conemu-maximus5;C:\Users\tjones\Downloads\cmder\vendor\conemu-maximus5\ConEmu;C:\Program Files (x86)\MSBuild\14.0\Bin;C:\Program Files (x86)\NVIDIA Corporation\PhysX\Common;C:\ProgramData\Oracle\Java\javapath;C:\Program Files (x86)\Microsoft SDKs\Windows\v8.1A\bin\NETFX 4.5.1 Tools;C:\Program Files (x86)\Intel\iCLS Client\;C:\Program Files\Intel\iCLS Client\;C:\Windows\system32;C:\Windows;C:\Windows\System32\Wbem;C:\Windows\System32\WindowsPowerShell\v1.0\;C:\Program Files\Intel\WiFi\bin\;C:\Program Files\Common Files\Intel\WirelessCommon\;C:\Program Files\Intel\Intel(R) Management Engine Components\DAL;C:\Program Files\Intel\Intel(R) Management Engine Components\IPT;C:\Program Files (x86)\Intel\Intel(R) Management Engine Components\DAL;C:\Program Files (x86)\Intel\Intel(R) Management Engine Components\IPT;C:\Program Files\Microsoft SQL Server\110\DTS\Binn\;C:\Program Files (x86)\Microsoft SQL Server\110\Tools\Binn\;C:\Program Files\Microsoft SQL Server\110\Tools\Binn\;C:\Program Files (x86)\Microsoft SQL Server\110\Tools\Binn\ManagementStudio\;C:\Program Files (x86)\Microsoft Visual Studio 10.0\Common7\IDE\PrivateAssemblies\;C:\Program Files (x86)\Microsoft SQL Server\110\DTS\Binn\;C:\Program Files (x86)\Windows Kits\8.1\Windows Performance Toolkit\;C:\ProgramData\chocolatey\bin;C:\Program Files\Java\jre1.8.0_73\bin;C:\Program Files\TortoiseSVN\bin;C:\Program Files (x86)\Brackets\command;C:\Windows\system32\config\systemprofile\.dnx\bin;C:\Program Files\Microsoft DNX\Dnvm\;C:\Program Files\Microsoft SQL Server\120\Tools\Binn\;C:\Users\tjones\AppData\Local\atom\bin;C:\Users\tjones\AppData\Roaming\npm;C:\Program Files\Microsoft SQL Server\130\Tools\Binn\;C:\Program Files\Git\cmd;C:\Go\bin;C:\Program Files\nodejs\;%SystemRoot%\system32;%SystemRoot%;%SystemRoot%\System32\Wbem;%SYSTEMROOT%\System32\WindowsPowerShell\v1.0\;C:\Users\tjones\AppData\Local\atom\bin;C:\Program Files\Docker Toolbox;C:\Program Files\gatling\bin;C:\Windows\Microsoft.NET\Framework\v4.0.30319\;C:\Users\tjones\AppData\Roaming\npm;C:\Users\tjones\AppData\Local\Microsoft\WindowsApps;;C:\Program Files (x86)\Microsoft VS Code\bin;C:\Program Files\Git\usr\bin;C:\Program Files\Git\usr\share\vim\vim74;C:\Users\tjones\Downloads\cmder\
10 verbose lifecycle parallel-lms@~lint: CWD: c:\git\inspiration-parallelms-ui
11 silly lifecycle parallel-lms@~lint: Args: [ '/d /s /c', 'npm run lint:javascript && polymer lint' ]
12 silly lifecycle parallel-lms@~lint: Returned: code: 1  signal: null
13 info lifecycle parallel-lms@~lint: Failed to exec lint script
14 verbose stack Error: parallel-lms@ lint: `npm run lint:javascript && polymer lint`
14 verbose stack Exit status 1
14 verbose stack     at EventEmitter.<anonymous> (C:\Program Files\nodejs\node_modules\npm\lib\utils\lifecycle.js:255:16)
14 verbose stack     at emitTwo (events.js:106:13)
14 verbose stack     at EventEmitter.emit (events.js:191:7)
14 verbose stack     at ChildProcess.<anonymous> (C:\Program Files\nodejs\node_modules\npm\lib\utils\spawn.js:40:14)
14 verbose stack     at emitTwo (events.js:106:13)
14 verbose stack     at ChildProcess.emit (events.js:191:7)
14 verbose stack     at maybeClose (internal/child_process.js:886:16)
14 verbose stack     at Process.ChildProcess._handle.onexit (internal/child_process.js:226:5)
15 verbose pkgid parallel-lms@
16 verbose cwd c:\git\inspiration-parallelms-ui
17 error Windows_NT 10.0.14393
18 error argv "C:\\Program Files\\nodejs\\node.exe" "C:\\Program Files\\nodejs\\node_modules\\npm\\bin\\npm-cli.js" "run" "lint"
19 error node v6.10.3
20 error npm  v3.10.10
21 error code ELIFECYCLE
22 error parallel-lms@ lint: `npm run lint:javascript && polymer lint`
22 error Exit status 1
23 error Failed at the parallel-lms@ lint script 'npm run lint:javascript && polymer lint'.
23 error Make sure you have the latest version of node.js and npm installed.
23 error If you do, this is most likely a problem with the parallel-lms package,
23 error not with npm itself.
23 error Tell the author that this fails on your system:
23 error     npm run lint:javascript && polymer lint
23 error You can get information on how to open an issue for this project with:
23 error     npm bugs parallel-lms
23 error Or if that isn't available, you can get their info via:
23 error     npm owner ls parallel-lms
23 error There is likely additional logging output above.
24 verbose exit [ 1, true ]
